<?xml version="1.0" encoding="UTF-8"?>
<!-- Generated by org.testng.reporters.JUnitXMLReporter -->
<testsuite ignored="0" hostname="Shijas-MacBook-Pro.local" failures="0" tests="2" name="/Users/shijaabraham/IdeaProjects/Frameworkproject" time="36.671" errors="0" timestamp="2021-03-13T13:17:56 PST">
  <testcase classname="tests.LoginTest" name="login" time="8.638"/>
  <testcase classname="tests.LoginTest" name="login" time="17.322"/>
</testsuite> <!-- /Users/shijaabraham/IdeaProjects/Frameworkproject -->
